Release 14.7 - xst P.20131013 (lin)
Copyright (c) 1995-2013 Xilinx, Inc.  All rights reserved.
--> 
Parameter TMPDIR set to xst/projnav.tmp


Total REAL time to Xst completion: 0.00 secs
Total CPU time to Xst completion: 0.06 secs
 
--> 
Parameter xsthdpdir set to xst


Total REAL time to Xst completion: 0.00 secs
Total CPU time to Xst completion: 0.06 secs
 
--> 
Reading design: finalProject.prj

TABLE OF CONTENTS
  1) Synthesis Options Summary
  2) HDL Parsing
  3) HDL Elaboration
  4) HDL Synthesis
       4.1) HDL Synthesis Report
  5) Advanced HDL Synthesis
       5.1) Advanced HDL Synthesis Report
  6) Low Level Synthesis
  7) Partition Report
  8) Design Summary
       8.1) Primitive and Black Box Usage
       8.2) Device utilization summary
       8.3) Partition Resource Summary
       8.4) Timing Report
            8.4.1) Clock Information
            8.4.2) Asynchronous Control Signals Information
            8.4.3) Timing Summary
            8.4.4) Timing Details
            8.4.5) Cross Clock Domains Report


=========================================================================
*                      Synthesis Options Summary                        *
=========================================================================
---- Source Parameters
Input File Name                    : "finalProject.prj"
Ignore Synthesis Constraint File   : NO

---- Target Parameters
Output File Name                   : "finalProject"
Output Format                      : NGC
Target Device                      : xc6slx9-2-tqg144

---- Source Options
Top Module Name                    : finalProject
Automatic FSM Extraction           : YES
FSM Encoding Algorithm             : Auto
Safe Implementation                : No
FSM Style                          : LUT
RAM Extraction                     : Yes
RAM Style                          : Auto
ROM Extraction                     : Yes
Shift Register Extraction          : YES
ROM Style                          : Auto
Resource Sharing                   : YES
Asynchronous To Synchronous        : NO
Shift Register Minimum Size        : 2
Use DSP Block                      : Auto
Automatic Register Balancing       : No

---- Target Options
LUT Combining                      : Auto
Reduce Control Sets                : Auto
Add IO Buffers                     : YES
Global Maximum Fanout              : 100000
Add Generic Clock Buffer(BUFG)     : 16
Register Duplication               : YES
Optimize Instantiated Primitives   : NO
Use Clock Enable                   : Auto
Use Synchronous Set                : Auto
Use Synchronous Reset              : Auto
Pack IO Registers into IOBs        : Auto
Equivalent register Removal        : YES

---- General Options
Optimization Goal                  : Speed
Optimization Effort                : 1
Power Reduction                    : NO
Keep Hierarchy                     : No
Netlist Hierarchy                  : As_Optimized
RTL Output                         : Yes
Global Optimization                : AllClockNets
Read Cores                         : YES
Write Timing Constraints           : NO
Cross Clock Analysis               : NO
Hierarchy Separator                : /
Bus Delimiter                      : <>
Case Specifier                     : Maintain
Slice Utilization Ratio            : 100
BRAM Utilization Ratio             : 100
DSP48 Utilization Ratio            : 100
Auto BRAM Packing                  : NO
Slice Utilization Ratio Delta      : 5

=========================================================================


=========================================================================
*                          HDL Parsing                                  *
=========================================================================
Analyzing Verilog file "/home/ubuntu-32/Desktop/FPGA-Project/FpgaProject/finalProject/finalProject.v" into library work
Parsing module <finalProject>.
Parsing module <debouncer>.

=========================================================================
*                            HDL Elaboration                            *
=========================================================================
WARNING:HDLCompiler:1016 - "/home/ubuntu-32/Desktop/FPGA-Project/FpgaProject/finalProject/finalProject.v" Line 37: Port state is not connected to this instance

Elaborating module <finalProject>.

Elaborating module <debouncer>.
WARNING:HDLCompiler:413 - "/home/ubuntu-32/Desktop/FPGA-Project/FpgaProject/finalProject/finalProject.v" Line 151: Result of 18-bit expression is truncated to fit in 17-bit target.
WARNING:HDLCompiler:413 - "/home/ubuntu-32/Desktop/FPGA-Project/FpgaProject/finalProject/finalProject.v" Line 60: Result of 27-bit expression is truncated to fit in 26-bit target.
WARNING:HDLCompiler:413 - "/home/ubuntu-32/Desktop/FPGA-Project/FpgaProject/finalProject/finalProject.v" Line 88: Result of 27-bit expression is truncated to fit in 26-bit target.

=========================================================================
*                           HDL Synthesis                               *
=========================================================================

Synthesizing Unit <finalProject>.
    Related source file is "/home/ubuntu-32/Desktop/FPGA-Project/FpgaProject/finalProject/finalProject.v".
INFO:Xst:3210 - "/home/ubuntu-32/Desktop/FPGA-Project/FpgaProject/finalProject/finalProject.v" line 37: Output port <state> of the instance <d1> is unconnected or connected to loadless signal.
INFO:Xst:3210 - "/home/ubuntu-32/Desktop/FPGA-Project/FpgaProject/finalProject/finalProject.v" line 37: Output port <trans_up> of the instance <d1> is unconnected or connected to loadless signal.
    Found 26-bit register for signal <prescaler>.
    Found 2-bit register for signal <state>.
    Found 24-bit register for signal <led>.
    Found 1-bit register for signal <lastState>.
    Found 24-bit register for signal <LED>.
    Found finite state machine <FSM_0> for signal <state>.
    -----------------------------------------------------------------------
    | States             | 3                                              |
    | Transitions        | 13                                             |
    | Inputs             | 7                                              |
    | Outputs            | 3                                              |
    | Clock              | CLK (rising_edge)                              |
    | Power Up State     | 00                                             |
    | Encoding           | auto                                           |
    | Implementation     | LUT                                            |
    -----------------------------------------------------------------------
    Found 26-bit adder for signal <prescaler[25]_GND_1_o_add_18_OUT> created at line 88.
    Summary:
	inferred   1 Adder/Subtractor(s).
	inferred  75 D-type flip-flop(s).
	inferred   2 Multiplexer(s).
	inferred   1 Finite State Machine(s).
Unit <finalProject> synthesized.

Synthesizing Unit <debouncer>.
    Related source file is "/home/ubuntu-32/Desktop/FPGA-Project/FpgaProject/finalProject/finalProject.v".
    Found 1-bit register for signal <sync_1>.
    Found 17-bit register for signal <count>.
    Found 1-bit register for signal <state>.
    Found 1-bit register for signal <sync_0>.
    Found 17-bit adder for signal <count[16]_GND_2_o_add_5_OUT> created at line 151.
    Found 1-bit comparator equal for signal <idle> created at line 140
    Summary:
	inferred   1 Adder/Subtractor(s).
	inferred  20 D-type flip-flop(s).
	inferred   1 Comparator(s).
Unit <debouncer> synthesized.

=========================================================================
HDL Synthesis Report

Macro Statistics
# Adders/Subtractors                                   : 2
 17-bit adder                                          : 1
 26-bit adder                                          : 1
# Registers                                            : 8
 1-bit register                                        : 4
 17-bit register                                       : 1
 24-bit register                                       : 2
 26-bit register                                       : 1
# Comparators                                          : 1
 1-bit comparator equal                                : 1
# Multiplexers                                         : 2
 24-bit 2-to-1 multiplexer                             : 1
 26-bit 2-to-1 multiplexer                             : 1
# FSMs                                                 : 1

=========================================================================

=========================================================================
*                       Advanced HDL Synthesis                          *
=========================================================================


Synthesizing (advanced) Unit <debouncer>.
The following registers are absorbed into counter <count>: 1 register on signal <count>.
Unit <debouncer> synthesized (advanced).

Synthesizing (advanced) Unit <finalProject>.
The following registers are absorbed into counter <prescaler>: 1 register on signal <prescaler>.
Unit <finalProject> synthesized (advanced).

=========================================================================
Advanced HDL Synthesis Report

Macro Statistics
# Counters                                             : 2
 17-bit up counter                                     : 1
 26-bit up counter                                     : 1
# Registers                                            : 52
 Flip-Flops                                            : 52
# Comparators                                          : 1
 1-bit comparator equal                                : 1
# Multiplexers                                         : 1
 24-bit 2-to-1 multiplexer                             : 1
# FSMs                                                 : 1

=========================================================================

=========================================================================
*                         Low Level Synthesis                           *
=========================================================================
Analyzing FSM <MFsm> for best encoding.
Optimizing FSM <FSM_0> on signal <state[1:2]> with gray encoding.
-------------------
 State | Encoding
-------------------
 00    | 00
 01    | 01
 10    | 11
-------------------

Optimizing unit <finalProject> ...

Optimizing unit <debouncer> ...
WARNING:Xst:1293 - FF/Latch <prescaler_23> has a constant value of 0 in block <finalProject>. This FF/Latch will be trimmed during the optimization process.
WARNING:Xst:1896 - Due to other FF/Latch trimming, FF/Latch <prescaler_24> has a constant value of 0 in block <finalProject>. This FF/Latch will be trimmed during the optimization process.
WARNING:Xst:1896 - Due to other FF/Latch trimming, FF/Latch <prescaler_25> has a constant value of 0 in block <finalProject>. This FF/Latch will be trimmed during the optimization process.

Mapping all equations...
Building and optimizing final netlist ...
Found area constraint ratio of 100 (+ 5) on block finalProject, actual ratio is 3.

Final Macro Processing ...

Processing Unit <finalProject> :
	Found 2-bit shift register for signal <d1/sync_1>.
Unit <finalProject> processed.

=========================================================================
Final Register Report

Macro Statistics
# Registers                                            : 92
 Flip-Flops                                            : 92
# Shift Registers                                      : 1
 2-bit shift register                                  : 1

=========================================================================

=========================================================================
*                           Partition Report                            *
=========================================================================

Partition Implementation Status
-------------------------------

  No Partitions were found in this design.

-------------------------------

=========================================================================
*                            Design Summary                             *
=========================================================================

Top Level Output File Name         : finalProject.ngc

Primitive and Black Box Usage:
------------------------------
# BELS                             : 241
#      GND                         : 1
#      INV                         : 2
#      LUT1                        : 38
#      LUT2                        : 50
#      LUT4                        : 13
#      LUT5                        : 30
#      LUT6                        : 28
#      MUXCY                       : 38
#      VCC                         : 1
#      XORCY                       : 40
# FlipFlops/Latches                : 93
#      FD                          : 28
#      FDE                         : 48
#      FDR                         : 17
# Shift Registers                  : 1
#      SRLC16E                     : 1
# Clock Buffers                    : 1
#      BUFGP                       : 1
# IO Buffers                       : 49
#      IBUF                        : 25
#      OBUF                        : 24

Device utilization summary:
---------------------------

Selected Device : 6slx9tqg144-2 


Slice Logic Utilization: 
 Number of Slice Registers:              93  out of  11440     0%  
 Number of Slice LUTs:                  162  out of   5720     2%  
    Number used as Logic:               161  out of   5720     2%  
    Number used as Memory:                1  out of   1440     0%  
       Number used as SRL:                1

Slice Logic Distribution: 
 Number of LUT Flip Flop pairs used:    162
   Number with an unused Flip Flop:      69  out of    162    42%  
   Number with an unused LUT:             0  out of    162     0%  
   Number of fully used LUT-FF pairs:    93  out of    162    57%  
   Number of unique control sets:         5

IO Utilization: 
 Number of IOs:                          50
 Number of bonded IOBs:                  50  out of    102    49%  

Specific Feature Utilization:
 Number of BUFG/BUFGCTRLs:                1  out of     16     6%  

---------------------------
Partition Resource Summary:
---------------------------

  No Partitions were found in this design.

---------------------------


=========================================================================
Timing Report

NOTE: THESE TIMING NUMBERS ARE ONLY A SYNTHESIS ESTIMATE.
      FOR ACCURATE TIMING INFORMATION PLEASE REFER TO THE TRACE REPORT
      GENERATED AFTER PLACE-and-ROUTE.

Clock Information:
------------------
-----------------------------------+------------------------+-------+
Clock Signal                       | Clock buffer(FF name)  | Load  |
-----------------------------------+------------------------+-------+
CLK                                | BUFGP                  | 94    |
-----------------------------------+------------------------+-------+

Asynchronous Control Signals Information:
----------------------------------------
No asynchronous control signals found in this design

Timing Summary:
---------------
Speed Grade: -2

   Minimum period: 6.780ns (Maximum Frequency: 147.493MHz)
   Minimum input arrival time before clock: 2.442ns
   Maximum output required time after clock: 4.202ns
   Maximum combinational path delay: No path found

Timing Details:
---------------
All values displayed in nanoseconds (ns)

=========================================================================
Timing constraint: Default period analysis for Clock 'CLK'
  Clock period: 6.780ns (frequency: 147.493MHz)
  Total number of paths / destination ports: 5483 / 157
-------------------------------------------------------------------------
Delay:               6.780ns (Levels of Logic = 5)
  Source:            leds_21 (FF)
  Destination:       led_0 (FF)
  Source Clock:      CLK rising
  Destination Clock: CLK rising

  Data Path: leds_21 to led_0
                                Gate     Net
    Cell:in->out      fanout   Delay   Delay  Logical Name (Net Name)
    ----------------------------------------  ------------
     FD:C->Q               3   0.525   1.221  leds_21 (leds_21)
     LUT6:I0->O            2   0.254   0.954  out19 (out18)
     LUT4:I1->O            1   0.235   0.910  out111_SW0 (N7)
     LUT6:I3->O            3   0.235   0.766  state_FSM_FFd1-In211 (state_FSM_FFd1-In21)
     LUT5:I4->O           13   0.254   1.098  _n0109_inv1_rstpot (_n0109_inv1_rstpot)
     LUT4:I3->O            1   0.254   0.000  led_0_dpot (led_0_dpot)
     FDE:D                     0.074          led_0
    ----------------------------------------
    Total                      6.780ns (1.831ns logic, 4.949ns route)
                                       (27.0% logic, 73.0% route)

=========================================================================
Timing constraint: Default OFFSET IN BEFORE for Clock 'CLK'
  Total number of paths / destination ports: 25 / 25
-------------------------------------------------------------------------
Offset:              2.442ns (Levels of Logic = 2)
  Source:            SEL<0> (PAD)
  Destination:       leds_0 (FF)
  Destination Clock: CLK rising

  Data Path: SEL<0> to leds_0
                                Gate     Net
    Cell:in->out      fanout   Delay   Delay  Logical Name (Net Name)
    ----------------------------------------  ------------
     IBUF:I->O             1   1.328   0.790  SEL_0_IBUF (SEL_0_IBUF)
     LUT2:I0->O            1   0.250   0.000  SEL[23]_led[23]_or_2_OUT<0>1 (SEL[23]_led[23]_or_2_OUT<0>)
     FD:D                      0.074          leds_0
    ----------------------------------------
    Total                      2.442ns (1.652ns logic, 0.790ns route)
                                       (67.6% logic, 32.4% route)

=========================================================================
Timing constraint: Default OFFSET OUT AFTER for Clock 'CLK'
  Total number of paths / destination ports: 24 / 24
-------------------------------------------------------------------------
Offset:              4.202ns (Levels of Logic = 1)
  Source:            leds_22 (FF)
  Destination:       LED<22> (PAD)
  Source Clock:      CLK rising

  Data Path: leds_22 to LED<22>
                                Gate     Net
    Cell:in->out      fanout   Delay   Delay  Logical Name (Net Name)
    ----------------------------------------  ------------
     FD:C->Q               3   0.525   0.765  leds_22 (leds_22)
     OBUF:I->O                 2.912          LED_22_OBUF (LED<22>)
    ----------------------------------------
    Total                      4.202ns (3.437ns logic, 0.765ns route)
                                       (81.8% logic, 18.2% route)

=========================================================================

Cross Clock Domains Report:
--------------------------

Clock to Setup on destination clock CLK
---------------+---------+---------+---------+---------+
               | Src:Rise| Src:Fall| Src:Rise| Src:Fall|
Source Clock   |Dest:Rise|Dest:Rise|Dest:Fall|Dest:Fall|
---------------+---------+---------+---------+---------+
CLK            |    6.780|         |         |         |
---------------+---------+---------+---------+---------+

=========================================================================


Total REAL time to Xst completion: 7.00 secs
Total CPU time to Xst completion: 6.35 secs
 
--> 


Total memory usage is 127136 kilobytes

Number of errors   :    0 (   0 filtered)
Number of warnings :    7 (   0 filtered)
Number of infos    :    2 (   0 filtered)

